<?xml version="1.0" encoding="UTF-8"?>
<!-- Generated by org.testng.reporters.JUnitReportReporter -->
<testsuite skipped="0" hostname="MaheshVaka" name="com.jobportals.testscripts.Nukari_Test" tests="3" failures="1" timestamp="2020-06-01T09:33:08 IST" time="32.943" errors="0">
  <testcase name="nukarivlidatesitename" time="0.028" classname="com.jobportals.testscripts.Nukari_Test"/>
  <system-out/>
  <testcase name="nukarivalidlogin" time="3.456" classname="com.jobportals.testscripts.Nukari_Test"/>
  <system-out/>
  <testcase name="nukariupdateresume" time="29.459" classname="com.jobportals.testscripts.Nukari_Test">
    <failure type="java.lang.AssertionError" message="expected [Uploaded on Jun 1, 2020] but found [Uploaded on Jun 01, 2020]">
      <![CDATA[java.lang.AssertionError: expected [Uploaded on Jun 1, 2020] but found [Uploaded on Jun 01, 2020]
at org.testng.Assert.fail(Assert.java:97)
at org.testng.Assert.assertEqualsImpl(Assert.java:136)
at org.testng.Assert.assertEquals(Assert.java:118)
at org.testng.Assert.assertEquals(Assert.java:575)
at org.testng.Assert.assertEquals(Assert.java:585)
at com.jobportals.testscripts.Nukari_Test.nukariupdateresume(Nukari_Test.java:65)
at sun.reflect.NativeMethodAccessorImpl.invoke0(Native Method)
at sun.reflect.NativeMethodAccessorImpl.invoke(NativeMethodAccessorImpl.java:62)
at sun.reflect.DelegatingMethodAccessorImpl.invoke(DelegatingMethodAccessorImpl.java:43)
at java.lang.reflect.Method.invoke(Method.java:498)
at org.testng.internal.MethodInvocationHelper.invokeMethod(MethodInvocationHelper.java:134)
at org.testng.internal.TestInvoker.invokeMethod(TestInvoker.java:597)
at org.testng.internal.TestInvoker.invokeTestMethod(TestInvoker.java:173)
at org.testng.internal.MethodRunner.runInSequence(MethodRunner.java:46)
at org.testng.internal.TestInvoker$MethodInvocationAgent.invoke(TestInvoker.java:816)
at org.testng.internal.TestInvoker.invokeTestMethods(TestInvoker.java:146)
at org.testng.internal.TestMethodWorker.invokeTestMethods(TestMethodWorker.java:146)
at org.testng.internal.TestMethodWorker.run(TestMethodWorker.java:128)
at java.util.concurrent.ThreadPoolExecutor.runWorker(ThreadPoolExecutor.java:1149)
at java.util.concurrent.ThreadPoolExecutor$Worker.run(ThreadPoolExecutor.java:624)
at java.lang.Thread.run(Thread.java:748)
]]>
    </failure>
  </testcase> <!-- nukariupdateresume -->
  <system-out/>
</testsuite> <!-- com.jobportals.testscripts.Nukari_Test -->
