<?xml version="1.0" encoding="UTF-8"?>
<!-- Generated by org.testng.reporters.JUnitXMLReporter -->
<testsuite hostname="MaheshVaka" ignored="0" name="Default test" tests="3" failures="0" timestamp="2020-06-01T09:36:18 IST" time="1.82" errors="0">
  <testcase name="@BeforeClass setup" time="1.761" classname="com.jobportals.testscripts.Monster_Test">
    <failure type="org.openqa.selenium.SessionNotCreatedException" message="session not created: This version of ChromeDriver only supports Chrome version 75
Build info: version: &amp;apos;3.141.59&amp;apos;, revision: &amp;apos;e82be7d358&amp;apos;, time: &amp;apos;2018-11-14T08:17:03&amp;apos;
System info: host: &amp;apos;MAHESHVAKA&amp;apos;, ip: &amp;apos;192.168.56.1&amp;apos;, os.name: &amp;apos;Windows 10&amp;apos;, os.arch: &amp;apos;amd64&amp;apos;, os.version: &amp;apos;10.0&amp;apos;, java.version: &amp;apos;1.8.0_241&amp;apos;
Driver info: driver.version: ChromeDriver
remote stacktrace: Backtrace:
	Ordinal0 [0x00E01B23+1448739]
	Ordinal0 [0x00D85A11+940561]
	Ordinal0 [0x00D12293+467603]
	Ordinal0 [0x00CAF27E+62078]
	Ordinal0 [0x00CABBBD+48061]
	Ordinal0 [0x00CC8D19+167193]
	Ordinal0 [0x00CC88ED+166125]
	Ordinal0 [0x00CC6FFB+159739]
	Ordinal0 [0x00CB09F6+68086]
	Ordinal0 [0x00CB1990+72080]
	Ordinal0 [0x00CB1929+71977]
	GetHandleVerifier [0x00F42E4C+1172140]
	GetHandleVerifier [0x00E9FE35+504469]
	GetHandleVerifier [0x00E9FBD0+503856]
	Ordinal0 [0x00E0C9A8+1493416]
	GetHandleVerifier [0x00EA060A+506474]
	Ordinal0 [0x00D97136+1012022]
	Ordinal0 [0x00D96FAF+1011631]
	Ordinal0 [0x00DA133B+1053499]
	Ordinal0 [0x00DA14A3+1053859]
	Ordinal0 [0x00DA04D5+1049813]
	BaseThreadInitThunk [0x76AB6359+25]
	RtlGetAppContainerNamedObjectPath [0x76F27C24+228]
	RtlGetAppContainerNamedObjectPath [0x76F27BF4+180]
">
      <![CDATA[org.openqa.selenium.SessionNotCreatedException: session not created: This version of ChromeDriver only supports Chrome version 75
Build info: version: '3.141.59', revision: 'e82be7d358', time: '2018-11-14T08:17:03'
System info: host: 'MAHESHVAKA', ip: '192.168.56.1', os.name: 'Windows 10', os.arch: 'amd64', os.version: '10.0', java.version: '1.8.0_241'
Driver info: driver.version: ChromeDriver
remote stacktrace: Backtrace:
Ordinal0 [0x00E01B23+1448739]
Ordinal0 [0x00D85A11+940561]
Ordinal0 [0x00D12293+467603]
Ordinal0 [0x00CAF27E+62078]
Ordinal0 [0x00CABBBD+48061]
Ordinal0 [0x00CC8D19+167193]
Ordinal0 [0x00CC88ED+166125]
Ordinal0 [0x00CC6FFB+159739]
Ordinal0 [0x00CB09F6+68086]
Ordinal0 [0x00CB1990+72080]
Ordinal0 [0x00CB1929+71977]
GetHandleVerifier [0x00F42E4C+1172140]
GetHandleVerifier [0x00E9FE35+504469]
GetHandleVerifier [0x00E9FBD0+503856]
Ordinal0 [0x00E0C9A8+1493416]
GetHandleVerifier [0x00EA060A+506474]
Ordinal0 [0x00D97136+1012022]
Ordinal0 [0x00D96FAF+1011631]
Ordinal0 [0x00DA133B+1053499]
Ordinal0 [0x00DA14A3+1053859]
Ordinal0 [0x00DA04D5+1049813]
BaseThreadInitThunk [0x76AB6359+25]
RtlGetAppContainerNamedObjectPath [0x76F27C24+228]
RtlGetAppContainerNamedObjectPath [0x76F27BF4+180]

at sun.reflect.NativeConstructorAccessorImpl.newInstance0(Native Method)
at sun.reflect.NativeConstructorAccessorImpl.newInstance(NativeConstructorAccessorImpl.java:62)
at sun.reflect.DelegatingConstructorAccessorImpl.newInstance(DelegatingConstructorAccessorImpl.java:45)
at java.lang.reflect.Constructor.newInstance(Constructor.java:423)
at org.openqa.selenium.remote.W3CHandshakeResponse.lambda$errorHandler$0(W3CHandshakeResponse.java:62)
at org.openqa.selenium.remote.HandshakeResponse.lambda$getResponseFunction$0(HandshakeResponse.java:30)
at org.openqa.selenium.remote.ProtocolHandshake.lambda$createSession$0(ProtocolHandshake.java:126)
at java.util.stream.ReferencePipeline$3$1.accept(ReferencePipeline.java:193)
at java.util.Spliterators$ArraySpliterator.tryAdvance(Spliterators.java:958)
at java.util.stream.ReferencePipeline.forEachWithCancel(ReferencePipeline.java:126)
at java.util.stream.AbstractPipeline.copyIntoWithCancel(AbstractPipeline.java:499)
at java.util.stream.AbstractPipeline.copyInto(AbstractPipeline.java:486)
at java.util.stream.AbstractPipeline.wrapAndCopyInto(AbstractPipeline.java:472)
at java.util.stream.FindOps$FindOp.evaluateSequential(FindOps.java:152)
at java.util.stream.AbstractPipeline.evaluate(AbstractPipeline.java:234)
at java.util.stream.ReferencePipeline.findFirst(ReferencePipeline.java:464)
at org.openqa.selenium.remote.ProtocolHandshake.createSession(ProtocolHandshake.java:128)
at org.openqa.selenium.remote.ProtocolHandshake.createSession(ProtocolHandshake.java:74)
at org.openqa.selenium.remote.HttpCommandExecutor.execute(HttpCommandExecutor.java:136)
at org.openqa.selenium.remote.service.DriverCommandExecutor.execute(DriverCommandExecutor.java:83)
at org.openqa.selenium.remote.RemoteWebDriver.execute(RemoteWebDriver.java:552)
at org.openqa.selenium.remote.RemoteWebDriver.startSession(RemoteWebDriver.java:213)
at org.openqa.selenium.remote.RemoteWebDriver.<init>(RemoteWebDriver.java:131)
at org.openqa.selenium.chrome.ChromeDriver.<init>(ChromeDriver.java:181)
at org.openqa.selenium.chrome.ChromeDriver.<init>(ChromeDriver.java:168)
at org.openqa.selenium.chrome.ChromeDriver.<init>(ChromeDriver.java:123)
at com.jobportals.pagefactory.Baseclass.Initialization(Baseclass.java:57)
at com.jobportals.testscripts.Monster_Test.setup(Monster_Test.java:22)
at sun.reflect.NativeMethodAccessorImpl.invoke0(Native Method)
at sun.reflect.NativeMethodAccessorImpl.invoke(NativeMethodAccessorImpl.java:62)
at sun.reflect.DelegatingMethodAccessorImpl.invoke(DelegatingMethodAccessorImpl.java:43)
at java.lang.reflect.Method.invoke(Method.java:498)
at org.testng.internal.MethodInvocationHelper.invokeMethod(MethodInvocationHelper.java:134)
at org.testng.internal.MethodInvocationHelper.invokeMethodConsideringTimeout(MethodInvocationHelper.java:63)
at org.testng.internal.ConfigInvoker.invokeConfigurationMethod(ConfigInvoker.java:348)
at org.testng.internal.ConfigInvoker.invokeConfigurations(ConfigInvoker.java:302)
at org.testng.internal.TestMethodWorker.invokeBeforeClassMethods(TestMethodWorker.java:176)
at org.testng.internal.TestMethodWorker.run(TestMethodWorker.java:122)
at java.util.ArrayList.forEach(ArrayList.java:1257)
at org.testng.TestRunner.privateRun(TestRunner.java:766)
at org.testng.TestRunner.run(TestRunner.java:587)
at org.testng.SuiteRunner.runTest(SuiteRunner.java:384)
at org.testng.SuiteRunner.runSequentially(SuiteRunner.java:378)
at org.testng.SuiteRunner.privateRun(SuiteRunner.java:337)
at org.testng.SuiteRunner.run(SuiteRunner.java:286)
at org.testng.SuiteRunnerWorker.runSuite(SuiteRunnerWorker.java:53)
at org.testng.SuiteRunnerWorker.run(SuiteRunnerWorker.java:96)
at org.testng.TestNG.runSuitesSequentially(TestNG.java:1187)
at org.testng.TestNG.runSuitesLocally(TestNG.java:1109)
at org.testng.TestNG.runSuites(TestNG.java:1039)
at org.testng.TestNG.run(TestNG.java:1007)
at org.testng.remote.AbstractRemoteTestNG.run(AbstractRemoteTestNG.java:115)
at org.testng.remote.RemoteTestNG.initAndRun(RemoteTestNG.java:251)
at org.testng.remote.RemoteTestNG.main(RemoteTestNG.java:77)
]]>
    </failure>
  </testcase> <!-- @BeforeClass setup -->
  <testcase name="@AfterClass teardown" time="-1.590984378366E9" classname="com.jobportals.testscripts.Monster_Test">
    <skipped/>
  </testcase> <!-- @AfterClass teardown -->
  <testcase name="monstersitevalidation" time="0.0" classname="com.jobportals.testscripts.Monster_Test">
    <skipped/>
  </testcase> <!-- monstersitevalidation -->
  <testcase name="monstervalidlogin" time="0.0" classname="com.jobportals.testscripts.Monster_Test">
    <skipped/>
  </testcase> <!-- monstervalidlogin -->
  <testcase name="monsterupdateresume" time="0.0" classname="com.jobportals.testscripts.Monster_Test">
    <skipped/>
  </testcase> <!-- monsterupdateresume -->
</testsuite> <!-- Default test -->
